c:\users\박종혁\source\repos\dll1\dll1\x64\debug\dll1.pch
c:\users\박종혁\source\repos\dll1\dll1\x64\debug\vc143.pdb
c:\users\박종혁\source\repos\dll1\dll1\x64\debug\vc143.idb
c:\users\박종혁\source\repos\dll1\dll1\x64\debug\pch.obj
c:\users\박종혁\source\repos\dll1\dll1\x64\debug\소스.obj
c:\users\박종혁\source\repos\dll1\dll1\x64\debug\dllmain.obj
c:\users\qkrwh\onedrive\바탕 화면\study_file\coc_project\dll1\dll1\x64\debug\dll1.pch
c:\users\qkrwh\onedrive\바탕 화면\study_file\coc_project\dll1\dll1\x64\debug\vc143.pdb
c:\users\qkrwh\onedrive\바탕 화면\study_file\coc_project\dll1\dll1\x64\debug\vc143.idb
c:\users\qkrwh\onedrive\바탕 화면\study_file\coc_project\dll1\dll1\x64\debug\pch.obj
c:\users\qkrwh\onedrive\바탕 화면\study_file\coc_project\dll1\dll1\x64\debug\소스.obj
c:\users\박종혁\source\repos\dll1\dll1\x64\debug\dll1.ilk
c:\users\박종혁\source\repos\dll1\x64\debug\dll1.dll
c:\users\박종혁\source\repos\dll1\x64\debug\dll1.pdb
c:\users\박종혁\source\repos\dll1\x64\debug\dll1.lib
c:\users\박종혁\source\repos\dll1\x64\debug\dll1.exp
c:\users\qkrwh\onedrive\바탕 화면\study_file\coc_project\dll1\dll1\x64\debug\dllmain.obj
c:\users\qkrwh\onedrive\바탕 화면\study_file\coc_project\dll1\dll1\x64\debug\dll1.ilk
c:\users\qkrwh\onedrive\바탕 화면\study_file\coc_project\dll1\x64\debug\dll1.pdb
c:\users\qkrwh\onedrive\바탕 화면\study_file\coc_project\dll1\x64\debug\dll1.dll
c:\users\qkrwh\onedrive\바탕 화면\study_file\coc_project\dll1\dll1\x64\debug\dll1.tlog\cl.command.1.tlog
c:\users\qkrwh\onedrive\바탕 화면\study_file\coc_project\dll1\dll1\x64\debug\dll1.tlog\cl.read.1.tlog
c:\users\qkrwh\onedrive\바탕 화면\study_file\coc_project\dll1\dll1\x64\debug\dll1.tlog\cl.write.1.tlog
c:\users\qkrwh\onedrive\바탕 화면\study_file\coc_project\dll1\dll1\x64\debug\dll1.tlog\link.command.1.tlog
c:\users\qkrwh\onedrive\바탕 화면\study_file\coc_project\dll1\dll1\x64\debug\dll1.tlog\link.read.1.tlog
c:\users\qkrwh\onedrive\바탕 화면\study_file\coc_project\dll1\dll1\x64\debug\dll1.tlog\link.write.1.tlog
c:\users\qkrwh\onedrive\바탕 화면\study_file\coc_project\dll1\dll1\x64\debug\dll1.tlog\link.write.2u.tlog
